[14:05:17] [Server thread/INFO]: Starting minecraft server version 1.12.2
[14:05:17] [Server thread/INFO]: Loading properties
[14:05:17] [Server thread/WARN]: server.properties does not exist
[14:05:17] [Server thread/INFO]: Generating new properties file
[14:05:18] [Server thread/INFO]: Default game type: SURVIVAL
[14:05:18] [Server thread/INFO]: This server is running CraftBukkit version git-Spigot-dcd1643-e60fc34 (MC: 1.12.2) (Implementing API version 1.12.2-R0.1-SNAPSHOT)
[14:05:19] [Server thread/INFO]: Debug logging is disabled
[14:05:19] [Server thread/INFO]: Using 4 threads for Netty based IO
[14:05:19] [Server thread/INFO]: Server Ping Player Sample Count: 12
[14:05:19] [Server thread/INFO]: Generating keypair
[14:05:19] [Server thread/INFO]: Starting Minecraft server on *:25565
[14:05:19] [Server thread/INFO]: Using default channel type
[14:05:20] [Server thread/INFO]: Set PluginClassLoader as parallel capable
[14:05:20] [Server thread/INFO]: [JsonConfig] Loading JsonConfig v1.0.0
[14:05:20] [Server thread/INFO]: **** Beginning UUID conversion, this may take A LONG time ****
[14:05:20] [Server thread/INFO]: Preparing level "world"
[14:05:21] [Server thread/INFO]: -------- World Settings For [world] --------
[14:05:21] [Server thread/INFO]: Item Merge Radius: 2.5
[14:05:21] [Server thread/INFO]: Item Despawn Rate: 6000
[14:05:21] [Server thread/INFO]: Arrow Despawn Rate: 1200
[14:05:21] [Server thread/INFO]: Allow Zombie Pigmen to spawn from portal blocks: true
[14:05:21] [Server thread/INFO]: View Distance: 10
[14:05:21] [Server thread/INFO]: Mob Spawn Range: 4
[14:05:21] [Server thread/INFO]: Entity Tracking Range: Pl 48 / An 48 / Mo 48 / Mi 32 / Other 64
[14:05:21] [Server thread/INFO]: Max TNT Explosions: 100
[14:05:21] [Server thread/INFO]: Tile Max Tick Time: 50ms Entity max Tick Time: 50ms
[14:05:21] [Server thread/INFO]: Structure Info Saving: true
[14:05:21] [Server thread/INFO]: Entity Activation Range: An 32 / Mo 32 / Mi 16 / Tiv true
[14:05:21] [Server thread/INFO]: Cactus Growth Modifier: 100%
[14:05:21] [Server thread/INFO]: Cane Growth Modifier: 100%
[14:05:21] [Server thread/INFO]: Melon Growth Modifier: 100%
[14:05:21] [Server thread/INFO]: Mushroom Growth Modifier: 100%
[14:05:21] [Server thread/INFO]: Pumpkin Growth Modifier: 100%
[14:05:21] [Server thread/INFO]: Sapling Growth Modifier: 100%
[14:05:21] [Server thread/INFO]: Wheat Growth Modifier: 100%
[14:05:21] [Server thread/INFO]: NetherWart Growth Modifier: 100%
[14:05:21] [Server thread/INFO]: Vine Growth Modifier: 100%
[14:05:21] [Server thread/INFO]: Cocoa Growth Modifier: 100%
[14:05:21] [Server thread/INFO]: Hopper Transfer: 8 Hopper Check: 1 Hopper Amount: 1
[14:05:21] [Server thread/INFO]: Random Lighting Updates: false
[14:05:21] [Server thread/INFO]: Custom Map Seeds:  Village: 10387312 Feature: 14357617 Monument: 10387313 Slime: 987234911
[14:05:21] [Server thread/INFO]: Experience Merge Radius: 3.0
[14:05:21] [Server thread/INFO]: Zombie Aggressive Towards Villager: true
[14:05:21] [Server thread/INFO]: Nerfing mobs spawned from spawners: false
[14:05:23] [Server thread/INFO]: -------- World Settings For [world_nether] --------
[14:05:23] [Server thread/INFO]: Item Merge Radius: 2.5
[14:05:23] [Server thread/INFO]: Item Despawn Rate: 6000
[14:05:23] [Server thread/INFO]: Arrow Despawn Rate: 1200
[14:05:23] [Server thread/INFO]: Allow Zombie Pigmen to spawn from portal blocks: true
[14:05:23] [Server thread/INFO]: View Distance: 10
[14:05:23] [Server thread/INFO]: Mob Spawn Range: 4
[14:05:23] [Server thread/INFO]: Entity Tracking Range: Pl 48 / An 48 / Mo 48 / Mi 32 / Other 64
[14:05:23] [Server thread/INFO]: Max TNT Explosions: 100
[14:05:23] [Server thread/INFO]: Tile Max Tick Time: 50ms Entity max Tick Time: 50ms
[14:05:23] [Server thread/INFO]: Structure Info Saving: true
[14:05:23] [Server thread/INFO]: Entity Activation Range: An 32 / Mo 32 / Mi 16 / Tiv true
[14:05:23] [Server thread/INFO]: Cactus Growth Modifier: 100%
[14:05:23] [Server thread/INFO]: Cane Growth Modifier: 100%
[14:05:23] [Server thread/INFO]: Melon Growth Modifier: 100%
[14:05:23] [Server thread/INFO]: Mushroom Growth Modifier: 100%
[14:05:23] [Server thread/INFO]: Pumpkin Growth Modifier: 100%
[14:05:23] [Server thread/INFO]: Sapling Growth Modifier: 100%
[14:05:23] [Server thread/INFO]: Wheat Growth Modifier: 100%
[14:05:23] [Server thread/INFO]: NetherWart Growth Modifier: 100%
[14:05:23] [Server thread/INFO]: Vine Growth Modifier: 100%
[14:05:23] [Server thread/INFO]: Cocoa Growth Modifier: 100%
[14:05:23] [Server thread/INFO]: Hopper Transfer: 8 Hopper Check: 1 Hopper Amount: 1
[14:05:23] [Server thread/INFO]: Random Lighting Updates: false
[14:05:23] [Server thread/INFO]: Custom Map Seeds:  Village: 10387312 Feature: 14357617 Monument: 10387313 Slime: 987234911
[14:05:23] [Server thread/INFO]: Experience Merge Radius: 3.0
[14:05:23] [Server thread/INFO]: Zombie Aggressive Towards Villager: true
[14:05:23] [Server thread/INFO]: Nerfing mobs spawned from spawners: false
[14:05:23] [Server thread/INFO]: -------- World Settings For [world_the_end] --------
[14:05:23] [Server thread/INFO]: Item Merge Radius: 2.5
[14:05:23] [Server thread/INFO]: Item Despawn Rate: 6000
[14:05:23] [Server thread/INFO]: Arrow Despawn Rate: 1200
[14:05:23] [Server thread/INFO]: Allow Zombie Pigmen to spawn from portal blocks: true
[14:05:23] [Server thread/INFO]: View Distance: 10
[14:05:23] [Server thread/INFO]: Mob Spawn Range: 4
[14:05:23] [Server thread/INFO]: Entity Tracking Range: Pl 48 / An 48 / Mo 48 / Mi 32 / Other 64
[14:05:23] [Server thread/INFO]: Max TNT Explosions: 100
[14:05:23] [Server thread/INFO]: Tile Max Tick Time: 50ms Entity max Tick Time: 50ms
[14:05:23] [Server thread/INFO]: Structure Info Saving: true
[14:05:23] [Server thread/INFO]: Entity Activation Range: An 32 / Mo 32 / Mi 16 / Tiv true
[14:05:23] [Server thread/INFO]: Cactus Growth Modifier: 100%
[14:05:23] [Server thread/INFO]: Cane Growth Modifier: 100%
[14:05:23] [Server thread/INFO]: Melon Growth Modifier: 100%
[14:05:23] [Server thread/INFO]: Mushroom Growth Modifier: 100%
[14:05:23] [Server thread/INFO]: Pumpkin Growth Modifier: 100%
[14:05:23] [Server thread/INFO]: Sapling Growth Modifier: 100%
[14:05:23] [Server thread/INFO]: Wheat Growth Modifier: 100%
[14:05:23] [Server thread/INFO]: NetherWart Growth Modifier: 100%
[14:05:23] [Server thread/INFO]: Vine Growth Modifier: 100%
[14:05:23] [Server thread/INFO]: Cocoa Growth Modifier: 100%
[14:05:23] [Server thread/INFO]: Hopper Transfer: 8 Hopper Check: 1 Hopper Amount: 1
[14:05:23] [Server thread/INFO]: Random Lighting Updates: false
[14:05:23] [Server thread/INFO]: Custom Map Seeds:  Village: 10387312 Feature: 14357617 Monument: 10387313 Slime: 987234911
[14:05:23] [Server thread/INFO]: Experience Merge Radius: 3.0
[14:05:23] [Server thread/INFO]: Zombie Aggressive Towards Villager: true
[14:05:23] [Server thread/INFO]: Nerfing mobs spawned from spawners: false
[14:05:23] [Server thread/INFO]: Preparing start region for level 0 (Seed: -7301991634849089499)
[14:05:24] [Server thread/INFO]: Preparing spawn area: 8%
[14:05:25] [Server thread/INFO]: Preparing spawn area: 12%
[14:05:26] [Server thread/INFO]: Preparing spawn area: 22%
[14:05:27] [Server thread/INFO]: Preparing spawn area: 33%
[14:05:28] [Server thread/INFO]: Preparing spawn area: 48%
[14:05:29] [Server thread/INFO]: Preparing spawn area: 67%
[14:05:30] [Server thread/INFO]: Preparing spawn area: 83%
[14:05:31] [Server thread/INFO]: Preparing spawn area: 97%
[14:05:31] [Server thread/INFO]: Preparing start region for level 1 (Seed: -7301991634849089499)
[14:05:32] [Server thread/INFO]: Preparing spawn area: 13%
[14:05:33] [Server thread/INFO]: Preparing spawn area: 35%
[14:05:34] [Server thread/INFO]: Preparing spawn area: 51%
[14:05:35] [Server thread/INFO]: Preparing spawn area: 63%
[14:05:36] [Server thread/INFO]: Preparing spawn area: 86%
[14:05:37] [Server thread/INFO]: Preparing start region for level 2 (Seed: -7301991634849089499)
[14:05:38] [Server thread/INFO]: Preparing spawn area: 45%
[14:05:39] [Server thread/INFO]: Preparing spawn area: 94%
[14:05:39] [Server thread/INFO]: [JsonConfig] Enabling JsonConfig v1.0.0
[14:05:39] [Server thread/INFO]: [JsonConfig] JsonConfig is enabled!
[14:05:39] [Server thread/INFO]: Done (19.514s)! For help, type "help" or "?"
[14:05:46] [Server thread/INFO]: Plugins (1): [0;32;1mJsonConfig[m
[14:05:47] [Server thread/INFO]: Plugins (1): [0;32;1mJsonConfig[m
